DEFINITION  seqnum=1;seqlen=1306;seqhdr="kraken:taxid|3000268|HumGut_268_1 NZ_WKQM01000100.1 Faecalibacterium prausnitzii strain BIOML-B1 scaffold100_size1306, whole genome shotgun sequence";version=Prodigal.v2.6.3;run_type=Metagenomic;model="4|Akkermansia_muciniphila_ATCC_BAA_835|B|55.8|11|0";gc_cont=55.80;transl_table=11;uses_sd=0
FEATURES             Location/Qualifiers
     CDS             <3..1262
                     /note="ID=1_1;partial=10;start_type=Edge;rbs_motif=None;rbs_spacer=None;gc_cont=0.598;conf=99.99;score=220.91;cscore=217.69;sscore=3.22;rscore=0.00;uscore=0.00;tscore=3.22;"
//
DEFINITION  seqnum=2;seqlen=1305;seqhdr="kraken:taxid|3000268|HumGut_268_2 NZ_WKQM01000101.1 Faecalibacterium prausnitzii strain BIOML-B1 scaffold101_size1305, whole genome shotgun sequence";version=Prodigal.v2.6.3;run_type=Metagenomic;model="25|Marinobacter_aquaeolei_VT8|B|57.3|11|1";gc_cont=57.30;transl_table=11;uses_sd=1
FEATURES             Location/Qualifiers
     CDS             <3..311
                     /note="ID=2_1;partial=10;start_type=Edge;rbs_motif=None;rbs_spacer=None;gc_cont=0.589;conf=99.99;score=38.65;cscore=35.44;sscore=3.22;rscore=0.00;uscore=0.00;tscore=3.22;"
     CDS             305..1261
                     /note="ID=2_2;partial=00;start_type=GTG;rbs_motif=GGAG/GAGG;rbs_spacer=5-10bp;gc_cont=0.594;conf=100.00;score=159.66;cscore=151.78;sscore=7.88;rscore=8.92;uscore=2.02;tscore=-4.32;"
//
DEFINITION  seqnum=3;seqlen=1300;seqhdr="kraken:taxid|3000268|HumGut_268_3 NZ_WKQM01000102.1 Faecalibacterium prausnitzii strain BIOML-B1 scaffold102_size1300, whole genome shotgun sequence";version=Prodigal.v2.6.3;run_type=Metagenomic;model="6|Anaplasma_phagocytophilum_HZ|B|41.6|11|1";gc_cont=41.60;transl_table=11;uses_sd=1
FEATURES             Location/Qualifiers
     CDS             130..606
                     /note="ID=3_1;partial=00;start_type=GTG;rbs_motif=GGA/GAG/AGG;rbs_spacer=5-10bp;gc_cont=0.329;conf=99.21;score=21.03;cscore=16.53;sscore=4.50;rscore=3.28;uscore=1.56;tscore=-0.34;"
     CDS             581..1198
                     /note="ID=3_2;partial=00;start_type=ATG;rbs_motif=None;rbs_spacer=None;gc_cont=0.353;conf=99.78;score=26.67;cscore=24.42;sscore=2.24;rscore=-2.53;uscore=2.00;tscore=2.78;"
//
DEFINITION  seqnum=4;seqlen=1264;seqhdr="kraken:taxid|3000268|HumGut_268_4 NZ_WKQM01000103.1 Faecalibacterium prausnitzii strain BIOML-B1 scaffold103_size1264, whole genome shotgun sequence";version=Prodigal.v2.6.3;run_type=Metagenomic;model="6|Anaplasma_phagocytophilum_HZ|B|41.6|11|1";gc_cont=41.60;transl_table=11;uses_sd=1
FEATURES             Location/Qualifiers
     CDS             complement(366..>1262)
                     /note="ID=4_1;partial=01;start_type=Edge;rbs_motif=None;rbs_spacer=None;gc_cont=0.401;conf=100.00;score=74.40;cscore=71.18;sscore=3.22;rscore=0.00;uscore=0.00;tscore=3.22;"
//
DEFINITION  seqnum=5;seqlen=1246;seqhdr="kraken:taxid|3000268|HumGut_268_5 NZ_WKQM01000104.1 Faecalibacterium prausnitzii strain BIOML-B1 scaffold104_size1246, whole genome shotgun sequence";version=Prodigal.v2.6.3;run_type=Metagenomic;model="44|Thermoplasma_volcanium_GSS1|A|39.9|11|1";gc_cont=39.90;transl_table=11;uses_sd=1
FEATURES             Location/Qualifiers
     CDS             <2..1084
                     /note="ID=5_1;partial=10;start_type=Edge;rbs_motif=None;rbs_spacer=None;gc_cont=0.331;conf=100.00;score=57.91;cscore=54.69;sscore=3.22;rscore=0.00;uscore=0.00;tscore=3.22;"
     CDS             1091..>1246
                     /note="ID=5_2;partial=01;start_type=ATG;rbs_motif=GGA/GAG/AGG;rbs_spacer=5-10bp;gc_cont=0.321;conf=83.53;score=7.06;cscore=2.33;sscore=4.73;rscore=-0.23;uscore=1.10;tscore=2.66;"
//
DEFINITION  seqnum=6;seqlen=1241;seqhdr="kraken:taxid|3000268|HumGut_268_6 NZ_WKQM01000105.1 Faecalibacterium prausnitzii strain BIOML-B1 scaffold105_size1241, whole genome shotgun sequence";version=Prodigal.v2.6.3;run_type=Metagenomic;model="20|Escherichia_coli_UMN026|B|50.7|11|1";gc_cont=50.70;transl_table=11;uses_sd=1
FEATURES             Location/Qualifiers
     CDS             complement(145..1080)
                     /note="ID=6_1;partial=00;start_type=ATG;rbs_motif=AGGA;rbs_spacer=5-10bp;gc_cont=0.503;conf=100.00;score=121.61;cscore=107.09;sscore=14.52;rscore=10.71;uscore=-1.19;tscore=3.95;"
     CDS             complement(1102..>1239)
                     /note="ID=6_2;partial=01;start_type=Edge;rbs_motif=None;rbs_spacer=None;gc_cont=0.384;conf=85.65;score=7.77;cscore=4.55;sscore=3.22;rscore=0.00;uscore=0.00;tscore=3.22;"
//
DEFINITION  seqnum=7;seqlen=1135;seqhdr="kraken:taxid|3000268|HumGut_268_7 NZ_WKQM01000106.1 Faecalibacterium prausnitzii strain BIOML-B1 scaffold106_size1135, whole genome shotgun sequence";version=Prodigal.v2.6.3;run_type=Metagenomic;model="25|Marinobacter_aquaeolei_VT8|B|57.3|11|1";gc_cont=57.30;transl_table=11;uses_sd=1
FEATURES             Location/Qualifiers
     CDS             complement(297..1112)
                     /note="ID=7_1;partial=00;start_type=ATG;rbs_motif=GGAGG;rbs_spacer=5-10bp;gc_cont=0.532;conf=100.00;score=111.63;cscore=97.13;sscore=14.50;rscore=10.97;uscore=-0.30;tscore=3.83;"
//
DEFINITION  seqnum=8;seqlen=1411;seqhdr="kraken:taxid|3000268|HumGut_268_8 NZ_WKQM01000107.1 Faecalibacterium prausnitzii strain BIOML-B1 scaffold107_size1411, whole genome shotgun sequence";version=Prodigal.v2.6.3;run_type=Metagenomic;model="33|Pelotomaculum_thermopropionicum_SI|B|53.0|11|1";gc_cont=53.00;transl_table=11;uses_sd=1
FEATURES             Location/Qualifiers
     CDS             complement(296..1111)
                     /note="ID=8_1;partial=00;start_type=ATG;rbs_motif=GGAGG;rbs_spacer=5-10bp;gc_cont=0.488;conf=100.00;score=105.17;cscore=88.65;sscore=16.51;rscore=12.15;uscore=1.66;tscore=2.70;"
//
DEFINITION  seqnum=9;seqlen=1128;seqhdr="kraken:taxid|3000268|HumGut_268_9 NZ_WKQM01000108.1 Faecalibacterium prausnitzii strain BIOML-B1 scaffold108_size1128, whole genome shotgun sequence";version=Prodigal.v2.6.3;run_type=Metagenomic;model="8|Bacteroides_fragilis_NCTC_9343|B|43.2|11|0";gc_cont=43.20;transl_table=11;uses_sd=0
FEATURES             Location/Qualifiers
     CDS             <1..279
                     /note="ID=9_1;partial=10;start_type=Edge;rbs_motif=None;rbs_spacer=None;gc_cont=0.530;conf=99.24;score=21.17;cscore=17.95;sscore=3.22;rscore=0.00;uscore=0.00;tscore=3.22;"
     CDS             complement(182..>1126)
                     /note="ID=9_2;partial=01;start_type=Edge;rbs_motif=None;rbs_spacer=None;gc_cont=0.405;conf=100.00;score=68.64;cscore=65.42;sscore=3.22;rscore=0.00;uscore=0.00;tscore=3.22;"
//
DEFINITION  seqnum=10;seqlen=1111;seqhdr="kraken:taxid|3000268|HumGut_268_10 NZ_WKQM01000109.1 Faecalibacterium prausnitzii strain BIOML-B1 scaffold109_size1111, whole genome shotgun sequence";version=Prodigal.v2.6.3;run_type=Metagenomic;model="15|Chlorobium_phaeobacteroides_BS1|B|48.9|11|0";gc_cont=48.90;transl_table=11;uses_sd=0
FEATURES             Location/Qualifiers
     CDS             complement(236..>1111)
                     /note="ID=10_1;partial=01;start_type=Edge;rbs_motif=None;rbs_spacer=None;gc_cont=0.453;conf=100.00;score=62.71;cscore=59.49;sscore=3.22;rscore=0.00;uscore=0.00;tscore=3.22;"
//
DEFINITION  seqnum=11;seqlen=101906;seqhdr="kraken:taxid|3000268|HumGut_268_11 NZ_WKQM01000010.1 Faecalibacterium prausnitzii strain BIOML-B1 scaffold10_size101906, whole genome shotgun sequence";version=Prodigal.v2.6.3;run_type=Metagenomic;model="25|Marinobacter_aquaeolei_VT8|B|57.3|11|1";gc_cont=57.30;transl_table=11;uses_sd=1
FEATURES             Location/Qualifiers
     CDS             262..1038
                     /note="ID=11_1;partial=00;start_type=ATG;rbs_motif=GGA/GAG/AGG;rbs_spacer=5-10bp;gc_cont=0.479;conf=100.00;score=48.79;cscore=42.86;sscore=5.93;rscore=1.44;uscore=0.66;tscore=3.83;"
     CDS             complement(1126..1989)
                     /note="ID=11_2;partial=00;start_type=ATG;rbs_motif=GGAGG;rbs_spacer=5-10bp;gc_cont=0.591;conf=100.00;score=156.15;cscore=141.80;sscore=14.34;rscore=10.97;uscore=0.20;tscore=3.83;"
     CDS             2781..3587
                     /note="ID=11_3;partial=00;start_type=ATG;rbs_motif=AGGAG;rbs_spacer=5-10bp;gc_cont=0.636;conf=100.00;score=141.32;cscore=126.15;sscore=15.16;rscore=14.12;uscore=-2.79;tscore=3.83;"
     CDS             3630..6341
                     /note="ID=11_4;partial=00;start_type=ATG;rbs_motif=GGAGG;rbs_spacer=5-10bp;gc_cont=0.650;conf=99.99;score=395.51;cscore=379.30;sscore=16.21;rscore=10.97;uscore=0.59;tscore=3.83;"
     CDS             complement(6632..8017)
                     /note="ID=11_5;partial=00;start_type=TTG;rbs_motif=AGGAG;rbs_spacer=5-10bp;gc_cont=0.617;conf=99.99;score=229.93;cscore=219.06;sscore=10.86;rscore=14.12;uscore=4.64;tscore=-7.25;"
     CDS             complement(8332..9642)
                     /note="ID=11_6;partial=00;start_type=ATG;rbs_motif=GGAGG;rbs_spacer=5-10bp;gc_cont=0.616;conf=99.99;score=245.47;cscore=231.24;sscore=14.23;rscore=10.97;uscore=0.09;tscore=3.83;"
     CDS             complement(9848..10486)
                     /note="ID=11_7;partial=00;start_type=ATG;rbs_motif=GGA/GAG/AGG;rbs_spacer=5-10bp;gc_cont=0.618;conf=100.00;score=112.11;cscore=104.49;sscore=7.62;rscore=1.44;uscore=1.17;tscore=3.83;"
     CDS             complement(10473..11294)
                     /note="ID=11_8;partial=00;start_type=ATG;rbs_motif=GGAGG;rbs_spacer=5-10bp;gc_cont=0.624;conf=100.00;score=151.45;cscore=136.30;sscore=15.14;rscore=10.97;uscore=-0.76;tscore=3.83;"
     CDS             complement(11310..11825)
                     /note="ID=11_9;partial=00;start_type=ATG;rbs_motif=AGGAG;rbs_spacer=5-10bp;gc_cont=0.609;conf=100.00;score=87.38;cscore=69.78;sscore=17.60;rscore=14.12;uscore=0.29;tscore=3.83;"
     CDS             complement(12717..15152)
                     /note="ID=11_10;partial=00;start_type=ATG;rbs_motif=AGGAG;rbs_spacer=5-10bp;gc_cont=0.625;conf=99.99;score=436.07;cscore=419.96;sscore=16.11;rscore=14.12;uscore=-1.19;tscore=3.83;"
     CDS             15681..16688
                     /note="ID=11_11;partial=00;start_type=ATG;rbs_motif=AGGAG;rbs_spacer=5-10bp;gc_cont=0.602;conf=100.00;score=164.33;cscore=147.85;sscore=16.48;rscore=14.12;uscore=-1.47;tscore=3.83;"
     CDS             16767..18206
                     /note="ID=11_12;partial=00;start_type=ATG;rbs_motif=AGGAG;rbs_spacer=5-10bp;gc_cont=0.578;conf=99.99;score=267.77;cscore=245.29;sscore=22.47;rscore=14.12;uscore=4.52;tscore=3.83;"
     CDS             18304..19281
                     /note="ID=11_13;partial=00;start_type=ATG;rbs_motif=AGGAG;rbs_spacer=5-10bp;gc_cont=0.544;conf=100.00;score=175.58;cscore=158.55;sscore=17.03;rscore=14.12;uscore=-0.93;tscore=3.83;"
     CDS             19284..20150
                     /note="ID=11_14;partial=00;start_type=ATG;rbs_motif=AGGAG;rbs_spacer=5-10bp;gc_cont=0.558;conf=100.00;score=165.85;cscore=145.89;sscore=19.97;rscore=14.12;uscore=0.76;tscore=3.83;"
     CDS             complement(20358..20768)
                     /note="ID=11_15;partial=00;start_type=ATG;rbs_motif=AGGAG;rbs_spacer=5-10bp;gc_cont=0.589;conf=100.00;score=78.84;cscore=56.94;sscore=21.90;rscore=14.12;uscore=2.81;tscore=3.83;"
     CDS             complement(20782..21204)
                     /note="ID=11_16;partial=00;start_type=ATG;rbs_motif=GGA/GAG/AGG;rbs_spacer=11-12bp;gc_cont=0.605;conf=99.99;score=40.15;cscore=35.77;sscore=4.38;rscore=-0.30;uscore=1.50;tscore=3.83;"
     CDS             21447..22217
                     /note="ID=11_17;partial=00;start_type=ATG;rbs_motif=GGA/GAG/AGG;rbs_spacer=5-10bp;gc_cont=0.637;conf=100.00;score=108.27;cscore=100.61;sscore=7.66;rscore=1.44;uscore=2.39;tscore=3.83;"
     CDS             22211..22795
                     /note="ID=11_18;partial=00;start_type=ATG;rbs_motif=AGGAG;rbs_spacer=5-10bp;gc_cont=0.648;conf=100.00;score=80.11;cscore=63.23;sscore=16.87;rscore=14.12;uscore=-2.35;tscore=3.83;"
     CDS             complement(22907..24124)
                     /note="ID=11_19;partial=00;start_type=TTG;rbs_motif=AGxAGG/AGGxGG;rbs_spacer=5-10bp;gc_cont=0.592;conf=99.99;score=191.19;cscore=195.45;sscore=-4.26;rscore=3.18;uscore=0.46;tscore=-7.25;"
     CDS             24371..25582
                     /note="ID=11_20;partial=00;start_type=ATG;rbs_motif=GGA/GAG/AGG;rbs_spacer=5-10bp;gc_cont=0.617;conf=99.99;score=186.90;cscore=185.66;sscore=1.24;rscore=1.44;uscore=-4.03;tscore=3.83;"
     CDS             25668..26093
                     /note="ID=11_21;partial=00;start_type=ATG;rbs_motif=GGAG/GAGG;rbs_spacer=5-10bp;gc_cont=0.620;conf=100.00;score=80.52;cscore=65.14;sscore=15.38;rscore=8.92;uscore=2.63;tscore=3.83;"
     CDS             26090..26800
                     /note="ID=11_22;partial=00;start_type=ATG;rbs_motif=GGAG/GAGG;rbs_spacer=5-10bp;gc_cont=0.633;conf=100.00;score=109.71;cscore=94.19;sscore=15.52;rscore=8.92;uscore=1.48;tscore=3.83;"
     CDS             26842..27288
                     /note="ID=11_23;partial=00;start_type=ATG;rbs_motif=AGGA;rbs_spacer=5-10bp;gc_cont=0.615;conf=100.00;score=74.28;cscore=59.23;sscore=15.05;rscore=8.62;uscore=1.77;tscore=3.83;"
     CDS             27430..28056
                     /note="ID=11_24;partial=00;start_type=ATG;rbs_motif=AGGAG;rbs_spacer=5-10bp;gc_cont=0.617;conf=100.00;score=145.43;cscore=124.22;sscore=21.22;rscore=14.12;uscore=3.26;tscore=3.83;"
     CDS             complement(28375..29703)
                     /note="ID=11_25;partial=00;start_type=ATG;rbs_motif=GGAG/GAGG;rbs_spacer=5-10bp;gc_cont=0.609;conf=99.99;score=260.50;cscore=244.37;sscore=16.13;rscore=8.92;uscore=2.51;tscore=3.83;"
     CDS             complement(29741..30652)
                     /note="ID=11_26;partial=00;start_type=GTG;rbs_motif=AGGAG;rbs_spacer=5-10bp;gc_cont=0.663;conf=100.00;score=145.95;cscore=134.35;sscore=11.60;rscore=14.12;uscore=2.44;tscore=-4.32;"
     CDS             30879..31262
                     /note="ID=11_27;partial=00;start_type=ATG;rbs_motif=GGxGG;rbs_spacer=5-10bp;gc_cont=0.552;conf=100.00;score=61.57;cscore=62.06;sscore=-0.49;rscore=-5.24;uscore=0.92;tscore=3.83;"
     CDS             31289..32644
                     /note="ID=11_28;partial=00;start_type=ATG;rbs_motif=AGGAG;rbs_spacer=5-10bp;gc_cont=0.600;conf=99.99;score=284.25;cscore=263.34;sscore=20.91;rscore=14.12;uscore=1.97;tscore=3.83;"
     CDS             32714..32956
                     /note="ID=11_29;partial=00;start_type=ATG;rbs_motif=GGAGG;rbs_spacer=5-10bp;gc_cont=0.576;conf=100.00;score=43.69;cscore=25.50;sscore=18.19;rscore=10.53;uscore=3.98;tscore=3.68;"
     CDS             32974..33207
                     /note="ID=11_30;partial=00;start_type=ATG;rbs_motif=GGAGG;rbs_spacer=5-10bp;gc_cont=0.607;conf=100.00;score=49.29;cscore=31.85;sscore=17.44;rscore=10.13;uscore=2.68;tscore=3.54;"
     CDS             33436..33972
                     /note="ID=11_31;partial=00;start_type=ATG;rbs_motif=AGGAG;rbs_spacer=5-10bp;gc_cont=0.605;conf=100.00;score=87.91;cscore=72.76;sscore=15.16;rscore=14.12;uscore=-2.15;tscore=3.83;"
     CDS             33976..35223
                     /note="ID=11_32;partial=00;start_type=ATG;rbs_motif=AGGAG;rbs_spacer=5-10bp;gc_cont=0.633;conf=99.99;score=213.98;cscore=193.53;sscore=20.45;rscore=14.12;uscore=1.26;tscore=3.83;"
     CDS             35506..35769
                     /note="ID=11_33;partial=00;start_type=ATG;rbs_motif=AGGAG;rbs_spacer=5-10bp;gc_cont=0.545;conf=100.00;score=53.01;cscore=32.03;sscore=20.98;rscore=14.12;uscore=3.67;tscore=3.83;"
     CDS             35896..37749
                     /note="ID=11_34;partial=00;start_type=ATG;rbs_motif=GGAGG;rbs_spacer=5-10bp;gc_cont=0.607;conf=99.99;score=335.32;cscore=318.69;sscore=16.63;rscore=10.97;uscore=1.83;tscore=3.83;"
     CDS             complement(37811..38917)
                     /note="ID=11_35;partial=00;start_type=ATG;rbs_motif=AGxAGG/AGGxGG;rbs_spacer=5-10bp;gc_cont=0.563;conf=100.00;score=111.60;cscore=100.67;sscore=10.94;rscore=3.18;uscore=2.68;tscore=3.83;"
     CDS             complement(38921..39238)
                     /note="ID=11_36;partial=00;start_type=ATG;rbs_motif=AGGAGG;rbs_spacer=5-10bp;gc_cont=0.597;conf=100.00;score=63.23;cscore=42.83;sscore=20.40;rscore=13.28;uscore=3.94;tscore=3.83;"
     CDS             complement(39503..40330)
                     /note="ID=11_37;partial=00;start_type=ATG;rbs_motif=AGGA;rbs_spacer=5-10bp;gc_cont=0.586;conf=100.00;score=164.10;cscore=147.37;sscore=16.73;rscore=8.62;uscore=3.53;tscore=3.83;"
     CDS             complement(40379..41179)
                     /note="ID=11_38;partial=00;start_type=ATG;rbs_motif=GGAGG;rbs_spacer=5-10bp;gc_cont=0.627;conf=100.00;score=153.84;cscore=136.31;sscore=17.53;rscore=10.97;uscore=1.64;tscore=3.83;"
     CDS             complement(41197..41880)
                     /note="ID=11_39;partial=00;start_type=ATG;rbs_motif=GGAG/GAGG;rbs_spacer=5-10bp;gc_cont=0.624;conf=100.00;score=127.63;cscore=116.17;sscore=11.46;rscore=8.92;uscore=-0.64;tscore=3.83;"
     CDS             42242..43276
                     /note="ID=11_40;partial=00;start_type=GTG;rbs_motif=GGAGG;rbs_spacer=5-10bp;gc_cont=0.631;conf=99.99;score=193.35;cscore=187.25;sscore=6.10;rscore=10.97;uscore=-0.55;tscore=-4.32;"
     CDS             43503..44300
                     /note="ID=11_41;partial=00;start_type=ATG;rbs_motif=AGGAG;rbs_spacer=5-10bp;gc_cont=0.620;conf=100.00;score=145.81;cscore=129.63;sscore=16.18;rscore=14.12;uscore=-1.13;tscore=3.83;"
     CDS             44344..45600
                     /note="ID=11_42;partial=00;start_type=ATG;rbs_motif=GGA/GAG/AGG;rbs_spacer=5-10bp;gc_cont=0.594;conf=99.99;score=232.51;cscore=227.40;sscore=5.10;rscore=1.44;uscore=-0.97;tscore=3.83;"
     CDS             45889..46017
                     /note="ID=11_43;partial=00;start_type=ATG;rbs_motif=AGGAG;rbs_spacer=5-10bp;gc_cont=0.535;conf=50.57;score=0.10;cscore=-8.46;sscore=8.56;rscore=7.12;uscore=0.66;tscore=1.93;"
     CDS             46126..47415
                     /note="ID=11_44;partial=00;start_type=ATG;rbs_motif=GGAG/GAGG;rbs_spacer=5-10bp;gc_cont=0.609;conf=99.99;score=249.66;cscore=233.30;sscore=16.36;rscore=8.92;uscore=3.61;tscore=3.83;"
     CDS             complement(47663..48277)
                     /note="ID=11_45;partial=00;start_type=ATG;rbs_motif=AGGAG;rbs_spacer=5-10bp;gc_cont=0.629;conf=100.00;score=123.57;cscore=106.78;sscore=16.78;rscore=14.12;uscore=-1.17;tscore=3.83;"
     CDS             complement(48451..50301)
                     /note="ID=11_46;partial=00;start_type=ATG;rbs_motif=AGGAG;rbs_spacer=5-10bp;gc_cont=0.588;conf=99.99;score=388.86;cscore=370.05;sscore=18.81;rscore=14.12;uscore=1.51;tscore=3.83;"
     CDS             50917..51102
                     /note="ID=11_47;partial=00;start_type=ATG;rbs_motif=GGAG/GAGG;rbs_spacer=5-10bp;gc_cont=0.575;conf=56.58;score=1.15;cscore=-8.48;sscore=9.63;rscore=6.53;uscore=0.79;tscore=2.81;"
     CDS             51099..52751
                     /note="ID=11_48;partial=00;start_type=ATG;rbs_motif=AGGAG;rbs_spacer=5-10bp;gc_cont=0.606;conf=99.99;score=323.44;cscore=303.24;sscore=20.21;rscore=14.12;uscore=0.96;tscore=3.83;"
     CDS             52768..54027
                     /note="ID=11_49;partial=00;start_type=ATG;rbs_motif=AGGAG;rbs_spacer=5-10bp;gc_cont=0.593;conf=99.99;score=233.63;cscore=209.95;sscore=23.68;rscore=14.12;uscore=4.63;tscore=3.83;"
     CDS             54046..54528
                     /note="ID=11_50;partial=00;start_type=ATG;rbs_motif=AGGAG;rbs_spacer=5-10bp;gc_cont=0.573;conf=100.00;score=89.56;cscore=72.34;sscore=17.22;rscore=14.12;uscore=-1.81;tscore=3.83;"
     CDS             54724..55797
                     /note="ID=11_51;partial=00;start_type=ATG;rbs_motif=AGGAG;rbs_spacer=5-10bp;gc_cont=0.621;conf=99.99;score=198.52;cscore=176.59;sscore=21.94;rscore=14.12;uscore=4.63;tscore=3.83;"
     CDS             complement(55870..56634)
                     /note="ID=11_52;partial=00;start_type=GTG;rbs_motif=AGGAGG;rbs_spacer=5-10bp;gc_cont=0.605;conf=100.00;score=159.42;cscore=148.90;sscore=10.52;rscore=13.28;uscore=0.33;tscore=-4.32;"
     CDS             complement(56624..57388)
                     /note="ID=11_53;partial=00;start_type=ATG;rbs_motif=GGAG/GAGG;rbs_spacer=5-10bp;gc_cont=0.570;conf=100.00;score=147.86;cscore=131.94;sscore=15.92;rscore=8.92;uscore=3.17;tscore=3.83;"
     CDS             complement(57501..58337)
                     /note="ID=11_54;partial=00;start_type=ATG;rbs_motif=AGGAG;rbs_spacer=5-10bp;gc_cont=0.607;conf=100.00;score=151.45;cscore=133.43;sscore=18.02;rscore=14.12;uscore=0.71;tscore=3.83;"
     CDS             complement(58546..59121)
                     /note="ID=11_55;partial=00;start_type=ATG;rbs_motif=AGGAG;rbs_spacer=5-10bp;gc_cont=0.618;conf=100.00;score=102.88;cscore=82.45;sscore=20.43;rscore=14.12;uscore=3.13;tscore=3.83;"
     CDS             59407..59985
                     /note="ID=11_56;partial=00;start_type=ATG;rbs_motif=GGAG/GAGG;rbs_spacer=5-10bp;gc_cont=0.506;conf=100.00;score=78.61;cscore=63.84;sscore=14.77;rscore=8.92;uscore=2.02;tscore=3.83;"
     CDS             complement(60285..60734)
                     /note="ID=11_57;partial=00;start_type=ATG;rbs_motif=GGxGG;rbs_spacer=5-10bp;gc_cont=0.602;conf=100.00;score=65.53;cscore=60.40;sscore=5.13;rscore=-5.24;uscore=-0.74;tscore=3.83;"
     CDS             complement(60731..61522)
                     /note="ID=11_58;partial=00;start_type=ATG;rbs_motif=AGGAG;rbs_spacer=5-10bp;gc_cont=0.621;conf=100.00;score=133.89;cscore=114.80;sscore=19.08;rscore=14.12;uscore=1.78;tscore=3.83;"
     CDS             62214..63128
                     /note="ID=11_59;partial=00;start_type=ATG;rbs_motif=GGAG/GAGG;rbs_spacer=5-10bp;gc_cont=0.583;conf=100.00;score=160.76;cscore=144.15;sscore=16.61;rscore=8.92;uscore=3.86;tscore=3.83;"
     CDS             63165..64178
                     /note="ID=11_60;partial=00;start_type=GTG;rbs_motif=AGGAG;rbs_spacer=5-10bp;gc_cont=0.603;conf=99.99;score=178.49;cscore=165.76;sscore=12.74;rscore=14.12;uscore=2.05;tscore=-4.32;"
     CDS             64175..64831
                     /note="ID=11_61;partial=00;start_type=ATG;rbs_motif=AGGAGG;rbs_spacer=5-10bp;gc_cont=0.604;conf=100.00;score=134.46;cscore=116.04;sscore=18.41;rscore=13.28;uscore=-0.92;tscore=3.83;"
     CDS             64924..66198
                     /note="ID=11_62;partial=00;start_type=ATG;rbs_motif=AGGAG;rbs_spacer=5-10bp;gc_cont=0.616;conf=99.99;score=233.15;cscore=213.21;sscore=19.95;rscore=14.12;uscore=1.99;tscore=3.83;"
     CDS             66215..67150
                     /note="ID=11_63;partial=00;start_type=ATG;rbs_motif=AGGAG;rbs_spacer=5-10bp;gc_cont=0.593;conf=99.99;score=179.26;cscore=159.02;sscore=20.24;rscore=14.12;uscore=1.18;tscore=3.83;"
     CDS             complement(67319..68191)
                     /note="ID=11_64;partial=00;start_type=ATG;rbs_motif=GGAG/GAGG;rbs_spacer=5-10bp;gc_cont=0.572;conf=100.00;score=153.27;cscore=138.54;sscore=14.73;rscore=8.92;uscore=0.79;tscore=3.83;"
     CDS             complement(68200..68706)
                     /note="ID=11_65;partial=00;start_type=ATG;rbs_motif=GGAGG;rbs_spacer=5-10bp;gc_cont=0.600;conf=100.00;score=91.77;cscore=75.68;sscore=16.09;rscore=10.97;uscore=-2.28;tscore=3.83;"
     CDS             complement(68703..69551)
                     /note="ID=11_66;partial=00;start_type=TTG;rbs_motif=AGGAG;rbs_spacer=5-10bp;gc_cont=0.635;conf=100.00;score=128.71;cscore=122.74;sscore=5.98;rscore=14.12;uscore=-0.24;tscore=-7.25;"
     CDS             69716..69922
                     /note="ID=11_67;partial=00;start_type=ATG;rbs_motif=AGGAG;rbs_spacer=5-10bp;gc_cont=0.585;conf=99.97;score=35.79;cscore=22.75;sscore=13.03;rscore=11.53;uscore=-1.62;tscore=3.13;"
     CDS             complement(69974..70447)
                     /note="ID=11_68;partial=00;start_type=ATG;rbs_motif=AGGA;rbs_spacer=5-10bp;gc_cont=0.572;conf=100.00;score=90.33;cscore=77.78;sscore=12.55;rscore=8.62;uscore=0.75;tscore=3.83;"
     CDS             complement(70990..72543)
                     /note="ID=11_69;partial=00;start_type=ATG;rbs_motif=AGGAG;rbs_spacer=5-10bp;gc_cont=0.610;conf=99.99;score=270.56;cscore=255.24;sscore=15.32;rscore=14.12;uscore=-1.98;tscore=3.83;"
     CDS             complement(72789..74084)
                     /note="ID=11_70;partial=00;start_type=ATG;rbs_motif=AGGA;rbs_spacer=5-10bp;gc_cont=0.648;conf=99.99;score=223.10;cscore=208.90;sscore=14.20;rscore=8.62;uscore=2.40;tscore=3.83;"
     CDS             complement(74266..74601)
                     /note="ID=11_71;partial=00;start_type=ATG;rbs_motif=AGGAG;rbs_spacer=5-10bp;gc_cont=0.542;conf=100.00;score=56.91;cscore=36.54;sscore=20.36;rscore=14.12;uscore=3.06;tscore=3.83;"
     CDS             74829..76061
                     /note="ID=11_72;partial=00;start_type=ATG;rbs_motif=GGAGG;rbs_spacer=5-10bp;gc_cont=0.656;conf=99.99;score=199.52;cscore=184.14;sscore=15.38;rscore=10.97;uscore=0.58;tscore=3.83;"
     CDS             76287..77618
                     /note="ID=11_73;partial=00;start_type=ATG;rbs_motif=GGAGG;rbs_spacer=5-10bp;gc_cont=0.590;conf=99.99;score=272.99;cscore=261.05;sscore=11.93;rscore=10.97;uscore=-2.21;tscore=3.83;"
     CDS             77681..78085
                     /note="ID=11_74;partial=00;start_type=ATG;rbs_motif=AGGAG;rbs_spacer=5-10bp;gc_cont=0.556;conf=100.00;score=99.40;cscore=81.12;sscore=18.28;rscore=14.12;uscore=0.32;tscore=3.83;"
     CDS             78231..78734
                     /note="ID=11_75;partial=00;start_type=ATG;rbs_motif=GGAG/GAGG;rbs_spacer=5-10bp;gc_cont=0.567;conf=100.00;score=43.72;cscore=29.57;sscore=14.16;rscore=8.92;uscore=1.41;tscore=3.83;"
     CDS             78758..78937
                     /note="ID=11_76;partial=00;start_type=ATG;rbs_motif=AGGAG;rbs_spacer=5-10bp;gc_cont=0.578;conf=99.64;score=24.44;cscore=8.66;sscore=15.77;rscore=10.00;uscore=2.04;tscore=2.71;"
     CDS             79030..80367
                     /note="ID=11_77;partial=00;start_type=ATG;rbs_motif=AGGAG;rbs_spacer=5-10bp;gc_cont=0.608;conf=99.99;score=244.56;cscore=226.09;sscore=18.48;rscore=14.12;uscore=0.52;tscore=3.83;"
     CDS             80418..81761
                     /note="ID=11_78;partial=00;start_type=ATG;rbs_motif=AGGAG;rbs_spacer=5-10bp;gc_cont=0.617;conf=99.99;score=278.36;cscore=255.30;sscore=23.07;rscore=14.12;uscore=4.38;tscore=3.83;"
     CDS             81783..82442
                     /note="ID=11_79;partial=00;start_type=ATG;rbs_motif=GGAGG;rbs_spacer=5-10bp;gc_cont=0.588;conf=100.00;score=115.01;cscore=97.86;sscore=17.16;rscore=10.97;uscore=1.32;tscore=3.83;"
     CDS             complement(82509..83039)
                     /note="ID=11_80;partial=00;start_type=ATG;rbs_motif=AGGA;rbs_spacer=5-10bp;gc_cont=0.603;conf=100.00;score=91.87;cscore=76.29;sscore=15.58;rscore=8.62;uscore=3.13;tscore=3.83;"
     CDS             complement(83127..84131)
                     /note="ID=11_81;partial=00;start_type=ATG;rbs_motif=AGGAG;rbs_spacer=5-10bp;gc_cont=0.622;conf=99.99;score=183.00;cscore=164.14;sscore=18.86;rscore=14.12;uscore=-0.19;tscore=3.83;"
     CDS             complement(84149..85777)
                     /note="ID=11_82;partial=00;start_type=ATG;rbs_motif=AGGAG;rbs_spacer=5-10bp;gc_cont=0.632;conf=99.99;score=252.39;cscore=233.30;sscore=19.09;rscore=14.12;uscore=1.13;tscore=3.83;"
     CDS             complement(85899..87287)
                     /note="ID=11_83;partial=00;start_type=ATG;rbs_motif=AGGAGG;rbs_spacer=5-10bp;gc_cont=0.618;conf=99.99;score=224.28;cscore=206.78;sscore=17.50;rscore=13.28;uscore=1.04;tscore=3.83;"
     CDS             87566..88420
                     /note="ID=11_84;partial=00;start_type=ATG;rbs_motif=GGAGG;rbs_spacer=5-10bp;gc_cont=0.636;conf=100.00;score=102.86;cscore=85.54;sscore=17.32;rscore=10.97;uscore=2.52;tscore=3.83;"
     CDS             complement(88491..89378)
                     /note="ID=11_85;partial=00;start_type=ATG;rbs_motif=AGGAG;rbs_spacer=5-10bp;gc_cont=0.627;conf=100.00;score=156.86;cscore=136.34;sscore=20.52;rscore=14.12;uscore=3.22;tscore=3.83;"
     CDS             89852..90871
                     /note="ID=11_86;partial=00;start_type=ATG;rbs_motif=AGGAG;rbs_spacer=5-10bp;gc_cont=0.623;conf=100.00;score=173.97;cscore=155.23;sscore=18.74;rscore=14.12;uscore=0.78;tscore=3.83;"
     CDS             90877..91518
                     /note="ID=11_87;partial=00;start_type=ATG;rbs_motif=GGA/GAG/AGG;rbs_spacer=5-10bp;gc_cont=0.372;conf=99.71;score=25.37;cscore=18.76;sscore=6.62;rscore=1.44;uscore=0.13;tscore=3.83;"
     CDS             complement(91580..92530)
                     /note="ID=11_88;partial=00;start_type=GTG;rbs_motif=GGAG/GAGG;rbs_spacer=5-10bp;gc_cont=0.621;conf=100.00;score=176.34;cscore=168.21;sscore=8.13;rscore=8.92;uscore=4.18;tscore=-4.32;"
     CDS             92797..93360
                     /note="ID=11_89;partial=00;start_type=ATG;rbs_motif=GGA/GAG/AGG;rbs_spacer=5-10bp;gc_cont=0.463;conf=99.93;score=31.84;cscore=25.42;sscore=6.42;rscore=1.44;uscore=1.15;tscore=3.83;"
     CDS             93787..96447
                     /note="ID=11_90;partial=00;start_type=ATG;rbs_motif=AGGAG;rbs_spacer=5-10bp;gc_cont=0.608;conf=99.99;score=548.55;cscore=528.85;sscore=19.70;rscore=14.12;uscore=2.39;tscore=3.83;"
     CDS             96527..96859
                     /note="ID=11_91;partial=00;start_type=ATG;rbs_motif=AGGAG;rbs_spacer=5-10bp;gc_cont=0.556;conf=100.00;score=64.51;cscore=46.71;sscore=17.81;rscore=14.12;uscore=-0.15;tscore=3.83;"
     CDS             96887..97426
                     /note="ID=11_92;partial=00;start_type=ATG;rbs_motif=GGAG/GAGG;rbs_spacer=5-10bp;gc_cont=0.589;conf=100.00;score=116.12;cscore=99.14;sscore=16.98;rscore=8.92;uscore=3.25;tscore=3.83;"
     CDS             97517..99550
                     /note="ID=11_93;partial=00;start_type=ATG;rbs_motif=GGAG/GAGG;rbs_spacer=5-10bp;gc_cont=0.657;conf=99.99;score=244.63;cscore=232.42;sscore=12.21;rscore=8.92;uscore=-0.54;tscore=3.83;"
     CDS             99788..100816
                     /note="ID=11_94;partial=00;start_type=ATG;rbs_motif=GGA/GAG/AGG;rbs_spacer=5-10bp;gc_cont=0.613;conf=100.00;score=162.27;cscore=155.69;sscore=6.58;rscore=1.44;uscore=1.97;tscore=3.83;"
     CDS             100813..101427
                     /note="ID=11_95;partial=00;start_type=ATG;rbs_motif=GGAG/GAGG;rbs_spacer=5-10bp;gc_cont=0.592;conf=100.00;score=104.93;cscore=90.89;sscore=14.04;rscore=8.92;uscore=-3.17;tscore=3.83;"
     CDS             complement(101431..>101904)
                     /note="ID=11_96;partial=01;start_type=Edge;rbs_motif=None;rbs_spacer=None;gc_cont=0.631;conf=100.00;score=61.27;cscore=58.05;sscore=3.22;rscore=0.00;uscore=0.00;tscore=3.22;"
//
DEFINITION  seqnum=12;seqlen=1087;seqhdr="kraken:taxid|3000268|HumGut_268_12 NZ_WKQM01000110.1 Faecalibacterium prausnitzii strain BIOML-B1 scaffold110_size1087, whole genome shotgun sequence";version=Prodigal.v2.6.3;run_type=Metagenomic;model="34|Prochlorococcus_marinus_MIT_9313|B|50.7|11|0";gc_cont=50.70;transl_table=11;uses_sd=0
FEATURES             Location/Qualifiers
     CDS             complement(<3..257)
                     /note="ID=12_1;partial=10;start_type=ATG;rbs_motif=None;rbs_spacer=None;gc_cont=0.490;conf=98.00;score=16.93;cscore=12.40;sscore=4.53;rscore=0.00;uscore=-0.07;tscore=4.60;"
     CDS             complement(340..828)
                     /note="ID=12_2;partial=00;start_type=ATG;rbs_motif=None;rbs_spacer=None;gc_cont=0.462;conf=99.85;score=28.34;cscore=23.10;sscore=5.24;rscore=0.00;uscore=0.63;tscore=4.60;"
     CDS             complement(934..>1086)
                     /note="ID=12_3;partial=01;start_type=Edge;rbs_motif=None;rbs_spacer=None;gc_cont=0.458;conf=75.24;score=4.84;cscore=1.62;sscore=3.22;rscore=0.00;uscore=0.00;tscore=3.22;"
//
DEFINITION  seqnum=13;seqlen=1392;seqhdr="kraken:taxid|3000268|HumGut_268_13 NZ_WKQM01000111.1 Faecalibacterium prausnitzii strain BIOML-B1 scaffold111_size1392, whole genome shotgun sequence";version=Prodigal.v2.6.3;run_type=Metagenomic;model="25|Marinobacter_aquaeolei_VT8|B|57.3|11|1";gc_cont=57.30;transl_table=11;uses_sd=1
FEATURES             Location/Qualifiers
     CDS             complement(<3..791)
                     /note="ID=13_1;partial=10;start_type=ATG;rbs_motif=GGAGG;rbs_spacer=5-10bp;gc_cont=0.554;conf=100.00;score=139.17;cscore=125.92;sscore=13.25;rscore=10.97;uscore=-1.55;tscore=3.83;"
     CDS             complement(754..1206)
                     /note="ID=13_2;partial=00;start_type=ATG;rbs_motif=GGA/GAG/AGG;rbs_spacer=5-10bp;gc_cont=0.545;conf=99.47;score=22.78;cscore=18.75;sscore=4.03;rscore=1.44;uscore=-1.24;tscore=3.83;"
//
DEFINITION  seqnum=14;seqlen=1074;seqhdr="kraken:taxid|3000268|HumGut_268_14 NZ_WKQM01000112.1 Faecalibacterium prausnitzii strain BIOML-B1 scaffold112_size1074, whole genome shotgun sequence";version=Prodigal.v2.6.3;run_type=Metagenomic;model="49|_Nostoc_azollae__0708|B|38.5|11|1";gc_cont=38.40;transl_table=11;uses_sd=1
FEATURES             Location/Qualifiers
     CDS             complement(<3..335)
                     /note="ID=14_1;partial=10;start_type=ATG;rbs_motif=None;rbs_spacer=None;gc_cont=0.477;conf=99.79;score=26.83;cscore=26.16;sscore=0.67;rscore=-1.19;uscore=-3.60;tscore=4.21;"
     CDS             complement(338..1054)
                     /note="ID=14_2;partial=00;start_type=ATG;rbs_motif=None;rbs_spacer=None;gc_cont=0.407;conf=99.99;score=38.89;cscore=36.21;sscore=2.69;rscore=-1.19;uscore=-0.33;tscore=4.21;"
//
DEFINITION  seqnum=15;seqlen=1028;seqhdr="kraken:taxid|3000268|HumGut_268_15 NZ_WKQM01000113.1 Faecalibacterium prausnitzii strain BIOML-B1 scaffold113_size1028, whole genome shotgun sequence";version=Prodigal.v2.6.3;run_type=Metagenomic;model="27|Methanosphaerula_palustris_E1_9c|A|55.4|11|1";gc_cont=55.40;transl_table=11;uses_sd=1
FEATURES             Location/Qualifiers
     CDS             complement(<3..>1028)
                     /note="ID=15_1;partial=11;start_type=Edge;rbs_motif=None;rbs_spacer=None;gc_cont=0.536;conf=100.00;score=114.53;cscore=112.92;sscore=1.61;rscore=0.00;uscore=0.00;tscore=1.61;"
//
